<?xml version="1.0" encoding="UTF-8"?>
<robot generator="Robot 6.0.1 (Python 3.9.13 on win32)" generated="20221212 23:07:35.537" rpa="true" schemaversion="3">
<suite id="s1" name="Tasks" source="c:\Users\kishore.yelikipati\Documents\Robots\string-bw\tasks.robot">
<test id="s1-t1" name="Excel Reusable" line="22">
<kw name="Checking String Between data in Template InputString">
<arg>${InputStringData}</arg>
<arg>${StartString}</arg>
<arg>${StringEnding}</arg>
<kw name="Split String" library="String">
<var>${result}</var>
<arg>${InputStringData}</arg>
<arg>${StartString}</arg>
<doc>Splits the ``string`` using ``separator`` as a delimiter string.</doc>
<msg timestamp="20221212 23:07:45.122" level="INFO">${result} = ['', ' of value addition robot framework']</msg>
<status status="PASS" starttime="20221212 23:07:45.122" endtime="20221212 23:07:45.132"/>
</kw>
<kw name="Split String" library="String">
<var>${result}</var>
<arg>${result}[1]</arg>
<arg>${StringEnding}</arg>
<doc>Splits the ``string`` using ``separator`` as a delimiter string.</doc>
<msg timestamp="20221212 23:07:45.140" level="INFO">${result} = [' of value addition robot ', '']</msg>
<status status="PASS" starttime="20221212 23:07:45.140" endtime="20221212 23:07:45.140"/>
</kw>
<kw name="Set Variable" library="BuiltIn">
<var>${result}</var>
<arg>${result}[0]</arg>
<doc>Returns the given values which can then be assigned to a variables.</doc>
<msg timestamp="20221212 23:07:45.148" level="INFO">${result} =  of value addition robot </msg>
<status status="PASS" starttime="20221212 23:07:45.148" endtime="20221212 23:07:45.148"/>
</kw>
<kw name="Strip String" library="String">
<var>${result}</var>
<arg>${result}</arg>
<arg>both</arg>
<doc>Remove leading and/or trailing whitespaces from the given string.</doc>
<msg timestamp="20221212 23:07:45.148" level="INFO">${result} = of value addition robot</msg>
<status status="PASS" starttime="20221212 23:07:45.148" endtime="20221212 23:07:45.148"/>
</kw>
<status status="PASS" starttime="20221212 23:07:45.114" endtime="20221212 23:07:45.157"/>
</kw>
<status status="PASS" starttime="20221212 23:07:45.106" endtime="20221212 23:07:45.157"/>
</test>
<doc>Template robot main suite.</doc>
<status status="PASS" starttime="20221212 23:07:35.594" endtime="20221212 23:07:45.164"/>
</suite>
<statistics>
<total>
<stat pass="1" fail="0" skip="0">All Tasks</stat>
</total>
<tag>
</tag>
<suite>
<stat pass="1" fail="0" skip="0" id="s1" name="Tasks">Tasks</stat>
</suite>
</statistics>
<errors>
</errors>
</robot>
